PLocProvider/build/outputs/logs/manifest-merger-doctorOfficial-debug-report.txt
-- Merging decision tree log ---
manifest
ADDED from cradle\PLocProvider\AndroidManifest.xml:2:1-96:12
INJECTED from cradle\PLocProvider\AndroidManifest.xml:2:1-96:12
INJECTED from cradle\PLocProvider\AndroidManifest.xml:2:1-96:12
INJECTED from cradle\PLocProvider\AndroidManifest.xml:2:1-96:12
MERGED from [:PLocProviderKit] AndroidManifest.xml:2:1-11:12
MERGED from [com.android.support:appcompat-v7:27.1.1] AndroidManifest.xml:17:1-22:12
MERGED from [com.android.support.constraint:constraint-layout:1.1.3] AndroidManifest.xml:2:1-11:12
MERGED from [com.orhanobut:logger:2.1.1] AndroidManifest.xml:2:1-8:12
MERGED from [com.jakewharton:butterknife:8.8.1] AndroidManifest.xml:2:1-7:12
MERGED from [com.android.support:support-fragment:27.1.1] AndroidManifest.xml:17:1-22:12
MERGED from [com.android.support:animated-vector-drawable:27.1.1] AndroidManifest.xml:17:1-22:12
MERGED from [com.android.support:support-core-ui:27.1.1] AndroidManifest.xml:17:1-22:12
MERGED from [com.android.support:support-core-utils:27.1.1] AndroidManifest.xml:17:1-22:12
MERGED from [com.android.support:support-vector-drawable:27.1.1] AndroidManifest.xml:17:1-22:12
MERGED from [com.android.support:support-compat:27.1.1] AndroidManifest.xml:17:1-22:12
MERGED from [android.arch.lifecycle:livedata-core:1.1.0] AndroidManifest.xml:17:1-22:12
MERGED from [android.arch.lifecycle:viewmodel:1.1.0] AndroidManifest.xml:17:1-22:12
MERGED from [android.arch.lifecycle:runtime:1.1.0] AndroidManifest.xml:17:1-22:12
MERGED from [android.arch.core:runtime:1.1.0] AndroidManifest.xml:17:1-22:12
INJECTED from cradle\PLocProvider\AndroidManifest.xml:2:1-96:12
INJECTED from cradle\PLocProvider\AndroidManifest.xml:2:1-96:12
INJECTED from cradle\PLocProvider\AndroidManifest.xml:2:1-96:12
	package
		ADDED from cradle\PLocProvider\AndroidManifest.xml:4:5-46
		INJECTED from cradle\PLocProvider\AndroidManifest.xml
		INJECTED from cradle\PLocProvider\AndroidManifest.xml
	android:versionName
		INJECTED from cradle\PLocProvider\AndroidManifest.xml
		ADDED from cradle\PLocProvider\AndroidManifest.xml:2:1-96:12
		INJECTED from cradle\PLocProvider\AndroidManifest.xml
	xmlns:tools
		ADDED from cradle\PLocProvider\AndroidManifest.xml:3:5-51
	android:versionCode
		INJECTED from cradle\PLocProvider\AndroidManifest.xml
		ADDED from cradle\PLocProvider\AndroidManifest.xml:2:1-96:12
		INJECTED from cradle\PLocProvider\AndroidManifest.xml
	xmlns:android
		ADDED from cradle\PLocProvider\AndroidManifest.xml:2:11-69
uses-permission#android.permission.GET_TASKS
ADDED from cradle\PLocProvider\AndroidManifest.xml:6:5-68
	android:name
		ADDED from cradle\PLocProvider\AndroidManifest.xml:6:22-65
uses-permission#android.permission.READ_PHONE_STATE
ADDED from cradle\PLocProvider\AndroidManifest.xml:7:5-75
	android:name
		ADDED from cradle\PLocProvider\AndroidManifest.xml:7:22-72
uses-permission#android.permission.WRITE_EXTERNAL_STORAGE
ADDED from cradle\PLocProvider\AndroidManifest.xml:8:5-81
	android:name
		ADDED from cradle\PLocProvider\AndroidManifest.xml:8:22-78
uses-permission#android.permission.MOUNT_UNMOUNT_FILESYSTEMS
ADDED from cradle\PLocProvider\AndroidManifest.xml:9:5-84
	android:name
		ADDED from cradle\PLocProvider\AndroidManifest.xml:9:22-81
uses-permission#android.permission.RECORD_AUDIO
ADDED from cradle\PLocProvider\AndroidManifest.xml:10:5-71
	android:name
		ADDED from cradle\PLocProvider\AndroidManifest.xml:10:22-68
uses-permission#android.permission.MODIFY_AUDIO_SETTINGS
ADDED from cradle\PLocProvider\AndroidManifest.xml:11:5-80
	android:name
		ADDED from cradle\PLocProvider\AndroidManifest.xml:11:22-77
uses-permission#android.permission.WAKE_LOCK
ADDED from cradle\PLocProvider\AndroidManifest.xml:12:5-68
	android:name
		ADDED from cradle\PLocProvider\AndroidManifest.xml:12:22-65
uses-permission#android.permission.BLUETOOTH
ADDED from cradle\PLocProvider\AndroidManifest.xml:15:5-68
	android:name
		ADDED from cradle\PLocProvider\AndroidManifest.xml:15:22-65
uses-permission#android.permission.BLUETOOTH_ADMIN
ADDED from cradle\PLocProvider\AndroidManifest.xml:16:5-74
	android:name
		ADDED from cradle\PLocProvider\AndroidManifest.xml:16:22-71
uses-permission#android.permission.ACCESS_FINE_LOCATION
ADDED from cradle\PLocProvider\AndroidManifest.xml:17:5-79
	android:name
		ADDED from cradle\PLocProvider\AndroidManifest.xml:17:22-76
uses-permission#android.permission.ACCESS_LOCATION_EXTRA_COMMANDS
ADDED from cradle\PLocProvider\AndroidManifest.xml:18:5-89
	android:name
		ADDED from cradle\PLocProvider\AndroidManifest.xml:18:22-86
application
ADDED from cradle\PLocProvider\AndroidManifest.xml:20:5-94:19
MERGED from [com.android.support.constraint:constraint-layout:1.1.3] AndroidManifest.xml:9:5-20
MERGED from [com.android.support.constraint:constraint-layout:1.1.3] AndroidManifest.xml:9:5-20
	android:label
		ADDED from cradle\PLocProvider\AndroidManifest.xml:23:9-41
	tools:ignore
		ADDED from cradle\PLocProvider\AndroidManifest.xml:25:9-48
	android:icon
		ADDED from cradle\PLocProvider\AndroidManifest.xml:22:9-38
	android:taskAffinity
		ADDED from cradle\PLocProvider\AndroidManifest.xml:24:9-63
	android:name
		ADDED from cradle\PLocProvider\AndroidManifest.xml:21:9-67
receiver#com.pioneer.cradle.PLocProvider.receiver.PLocBootReceiver
ADDED from cradle\PLocProvider\AndroidManifest.xml:26:9-41:20
	android:process
		ADDED from cradle\PLocProvider\AndroidManifest.xml:28:13-57
	android:name
		ADDED from cradle\PLocProvider\AndroidManifest.xml:27:13-85
intent-filter#action:name:android.bluetooth.device.action.ACL_CONNECTED
ADDED from cradle\PLocProvider\AndroidManifest.xml:29:13-31:29
action#android.bluetooth.device.action.ACL_CONNECTED
ADDED from cradle\PLocProvider\AndroidManifest.xml:30:17-88
	android:name
		ADDED from cradle\PLocProvider\AndroidManifest.xml:30:25-85
intent-filter#action:name:android.bluetooth.device.action.BOND_STATE_CHANGED
ADDED from cradle\PLocProvider\AndroidManifest.xml:32:13-34:29
action#android.bluetooth.device.action.BOND_STATE_CHANGED
ADDED from cradle\PLocProvider\AndroidManifest.xml:33:17-93
	android:name
		ADDED from cradle\PLocProvider\AndroidManifest.xml:33:25-90
intent-filter#action:name:android.bluetooth.device.action.ACL_DISCONNECTED
ADDED from cradle\PLocProvider\AndroidManifest.xml:35:13-37:29
action#android.bluetooth.device.action.ACL_DISCONNECTED
ADDED from cradle\PLocProvider\AndroidManifest.xml:36:17-91
	android:name
		ADDED from cradle\PLocProvider\AndroidManifest.xml:36:25-88
intent-filter#action:name:android.bluetooth.adapter.action.STATE_CHANGED
ADDED from cradle\PLocProvider\AndroidManifest.xml:38:13-40:29
action#android.bluetooth.adapter.action.STATE_CHANGED
ADDED from cradle\PLocProvider\AndroidManifest.xml:39:17-89
	android:name
		ADDED from cradle\PLocProvider\AndroidManifest.xml:39:25-86
receiver#com.pioneer.cradle.PLocProvider.receiver.ShutdownBroadcastReceiver
ADDED from cradle\PLocProvider\AndroidManifest.xml:42:9-50:20
	android:process
		ADDED from cradle\PLocProvider\AndroidManifest.xml:44:13-57
	android:name
		ADDED from cradle\PLocProvider\AndroidManifest.xml:43:13-94
intent-filter#action:name:android.intent.action.ACTION_SHUTDOWN+category:name:android.intent.category.HOME
ADDED from cradle\PLocProvider\AndroidManifest.xml:45:13-49:29
action#android.intent.action.ACTION_SHUTDOWN
ADDED from cradle\PLocProvider\AndroidManifest.xml:46:17-80
	android:name
		ADDED from cradle\PLocProvider\AndroidManifest.xml:46:25-77
category#android.intent.category.HOME
ADDED from cradle\PLocProvider\AndroidManifest.xml:48:17-73
	android:name
		ADDED from cradle\PLocProvider\AndroidManifest.xml:48:27-70
service#com.pioneer.cradle.PLocProvider.PLocProviderService
ADDED from cradle\PLocProvider\AndroidManifest.xml:52:9-59:19
	android:process
		ADDED from cradle\PLocProvider\AndroidManifest.xml:55:13-57
	android:label
		ADDED from cradle\PLocProvider\AndroidManifest.xml:54:13-49
	android:name
		ADDED from cradle\PLocProvider\AndroidManifest.xml:53:13-79
intent-filter#action:name:com.pioneer.cradle.PLocProvider.PLocProviderService
ADDED from cradle\PLocProvider\AndroidManifest.xml:56:13-58:29
action#com.pioneer.cradle.PLocProvider.PLocProviderService
ADDED from cradle\PLocProvider\AndroidManifest.xml:57:17-94
	android:name
		ADDED from cradle\PLocProvider\AndroidManifest.xml:57:25-91
activity#com.pioneer.cradle.PLocProvider.Screen.BluetoothConnect
ADDED from cradle\PLocProvider\AndroidManifest.xml:61:9-63:77
	android:configChanges
		ADDED from cradle\PLocProvider\AndroidManifest.xml:63:13-74
	android:name
		ADDED from cradle\PLocProvider\AndroidManifest.xml:62:13-83
activity#com.pioneer.cradle.PLocProvider.Screen.MainActivity
ADDED from cradle\PLocProvider\AndroidManifest.xml:64:9-71:20
	android:launchMode
		ADDED from cradle\PLocProvider\AndroidManifest.xml:66:13-44
	android:name
		ADDED from cradle\PLocProvider\AndroidManifest.xml:65:13-79
intent-filter#action:name:com.pionner.cradle.intent.call+category:name:android.intent.category.DEFAULT
ADDED from cradle\PLocProvider\AndroidManifest.xml:67:13-70:29
action#com.pionner.cradle.intent.call
ADDED from cradle\PLocProvider\AndroidManifest.xml:68:17-73
	android:name
		ADDED from cradle\PLocProvider\AndroidManifest.xml:68:25-70
category#android.intent.category.DEFAULT
ADDED from cradle\PLocProvider\AndroidManifest.xml:69:17-76
	android:name
		ADDED from cradle\PLocProvider\AndroidManifest.xml:69:27-73
activity#com.pioneer.cradle.PLocProvider.Screen.Contract
ADDED from cradle\PLocProvider\AndroidManifest.xml:72:9-84
	android:name
		ADDED from cradle\PLocProvider\AndroidManifest.xml:72:19-81
activity#com.pioneer.cradle.PLocProvider.Screen.Setting
ADDED from cradle\PLocProvider\AndroidManifest.xml:73:9-75:77
	android:configChanges
		ADDED from cradle\PLocProvider\AndroidManifest.xml:75:13-74
	android:name
		ADDED from cradle\PLocProvider\AndroidManifest.xml:74:13-74
activity#com.pioneer.cradle.PLocProvider.Screen.CradleSetting
ADDED from cradle\PLocProvider\AndroidManifest.xml:76:9-89
	android:name
		ADDED from cradle\PLocProvider\AndroidManifest.xml:76:19-86
activity#com.pioneer.cradle.PLocProvider.Screen.CradleGpsInfo
ADDED from cradle\PLocProvider\AndroidManifest.xml:77:9-89
	android:name
		ADDED from cradle\PLocProvider\AndroidManifest.xml:77:19-86
activity#com.pioneer.cradle.PLocProvider.Screen.LocationInfo
ADDED from cradle\PLocProvider\AndroidManifest.xml:78:9-88
	android:name
		ADDED from cradle\PLocProvider\AndroidManifest.xml:78:19-85
activity#com.pioneer.cradle.PLocProvider.Screen.SatelliteInfo
ADDED from cradle\PLocProvider\AndroidManifest.xml:80:9-89
	android:name
		ADDED from cradle\PLocProvider\AndroidManifest.xml:80:19-86
activity#com.pioneer.cradle.PLocProvider.Screen.Launcher
ADDED from cradle\PLocProvider\AndroidManifest.xml:81:9-92:20
	android:theme
		ADDED from cradle\PLocProvider\AndroidManifest.xml:83:13-60
	android:name
		ADDED from cradle\PLocProvider\AndroidManifest.xml:82:13-75
intent-filter#action:name:android.intent.action.MAIN+category:name:android.intent.category.DEFAULT+category:name:android.intent.category.LAUNCHER
ADDED from cradle\PLocProvider\AndroidManifest.xml:85:13-90:29
action#android.intent.action.MAIN
ADDED from cradle\PLocProvider\AndroidManifest.xml:86:17-69
	android:name
		ADDED from cradle\PLocProvider\AndroidManifest.xml:86:25-66
category#android.intent.category.LAUNCHER
ADDED from cradle\PLocProvider\AndroidManifest.xml:89:17-77
	android:name
		ADDED from cradle\PLocProvider\AndroidManifest.xml:89:27-74
uses-sdk
INJECTED from cradle\PLocProvider\AndroidManifest.xml reason: use-sdk injection requested
INJECTED from cradle\PLocProvider\AndroidManifest.xml
INJECTED from cradle\PLocProvider\AndroidManifest.xml
MERGED from [:PLocProviderKit] AndroidManifest.xml:7:5-9:41
MERGED from [:PLocProviderKit] AndroidManifest.xml:7:5-9:41
MERGED from [com.android.support:appcompat-v7:27.1.1] AndroidManifest.xml:20:5-44
MERGED from [com.android.support:appcompat-v7:27.1.1] AndroidManifest.xml:20:5-44
MERGED from [com.android.support.constraint:constraint-layout:1.1.3] AndroidManifest.xml:5:5-7:41
MERGED from [com.android.support.constraint:constraint-layout:1.1.3] AndroidManifest.xml:5:5-7:41
MERGED from [com.orhanobut:logger:2.1.1] AndroidManifest.xml:6:5-43
MERGED from [com.orhanobut:logger:2.1.1] AndroidManifest.xml:6:5-43
MERGED from [com.jakewharton:butterknife:8.8.1] AndroidManifest.xml:5:5-43
MERGED from [com.jakewharton:butterknife:8.8.1] AndroidManifest.xml:5:5-43
MERGED from [com.android.support:support-fragment:27.1.1] AndroidManifest.xml:20:5-44
MERGED from [com.android.support:support-fragment:27.1.1] AndroidManifest.xml:20:5-44
MERGED from [com.android.support:animated-vector-drawable:27.1.1] AndroidManifest.xml:20:5-44
MERGED from [com.android.support:animated-vector-drawable:27.1.1] AndroidManifest.xml:20:5-44
MERGED from [com.android.support:support-core-ui:27.1.1] AndroidManifest.xml:20:5-44
MERGED from [com.android.support:support-core-ui:27.1.1] AndroidManifest.xml:20:5-44
MERGED from [com.android.support:support-core-utils:27.1.1] AndroidManifest.xml:20:5-44
MERGED from [com.android.support:support-core-utils:27.1.1] AndroidManifest.xml:20:5-44
MERGED from [com.android.support:support-vector-drawable:27.1.1] AndroidManifest.xml:20:5-44
MERGED from [com.android.support:support-vector-drawable:27.1.1] AndroidManifest.xml:20:5-44
MERGED from [com.android.support:support-compat:27.1.1] AndroidManifest.xml:20:5-44
MERGED from [com.android.support:support-compat:27.1.1] AndroidManifest.xml:20:5-44
MERGED from [android.arch.lifecycle:livedata-core:1.1.0] AndroidManifest.xml:20:5-44
MERGED from [android.arch.lifecycle:livedata-core:1.1.0] AndroidManifest.xml:20:5-44
MERGED from [android.arch.lifecycle:viewmodel:1.1.0] AndroidManifest.xml:20:5-44
MERGED from [android.arch.lifecycle:viewmodel:1.1.0] AndroidManifest.xml:20:5-44
MERGED from [android.arch.lifecycle:runtime:1.1.0] AndroidManifest.xml:20:5-44
MERGED from [android.arch.lifecycle:runtime:1.1.0] AndroidManifest.xml:20:5-44
MERGED from [android.arch.core:runtime:1.1.0] AndroidManifest.xml:20:5-44
MERGED from [android.arch.core:runtime:1.1.0] AndroidManifest.xml:20:5-44
INJECTED from cradle\PLocProvider\AndroidManifest.xml
INJECTED from cradle\PLocProvider\AndroidManifest.xml
	android:targetSdkVersion
		INJECTED from cradle\PLocProvider\AndroidManifest.xml
		ADDED from cradle\PLocProvider\AndroidManifest.xml
		INJECTED from cradle\PLocProvider\AndroidManifest.xml
	android:minSdkVersion
		INJECTED from cradle\PLocProvider\AndroidManifest.xml
		ADDED from cradle\PLocProvider\AndroidManifest.xml
		INJECTED from cradle\PLocProvider\AndroidManifest.xml